<?xml version="1.0" encoding="UTF-8"?>
<testsuite xmlns:xsi="http://www.w3.org/2001/XMLSchema-instance" xsi:noNamespaceSchemaLocation="https://maven.apache.org/surefire/maven-surefire-plugin/xsd/surefire-test-report.xsd" name="interface_adapter.login.LoginPresenterTest" time="0.009" tests="2" errors="0" skipped="0" failures="0">
  <properties>
[...]
</properties>
  <testcase name="prepareSuccessView" classname="interface_adapter.login.LoginPresenterTest" time="0.006"/>
  <testcase name="prepareFailView" classname="interface_adapter.login.LoginPresenterTest" time="0"/>
</testsuite>